<?xml version="1.0" encoding="UTF-8"?>
<!-- Generated by org.testng.reporters.JUnitXMLReporter -->
<testsuite hostname="MacBook-Pro.local" ignored="0" name="Surefire test" tests="4" failures="1" timestamp="05 Sep 2017 00:17:02 GMT" time="0.285" errors="0">
  <testcase name="substractTest" time="0.157" classname="core.SubtractTest"/>
  <testcase name="substractTestb" time="0.003" classname="core.SubtractTest"/>
  <testcase name="substractTestc" time="0.004" classname="core.SubtractTest">
    <failure type="java.lang.AssertionError" message="
Expected: &amp;lt;45.0&amp;gt;
     but: was &amp;lt;400.0&amp;gt;">
      <![CDATA[java.lang.AssertionError: 
Expected: <45.0>
     but: was <400.0>
	at org.hamcrest.MatcherAssert.assertThat(MatcherAssert.java:18)
	at org.hamcrest.MatcherAssert.assertThat(MatcherAssert.java:6)
	at core.SubtractTest.substractTestc(SubtractTest.java:20)
... Removed 29 stack frames]]>
    </failure>
  </testcase> <!-- substractTestc -->
  <testcase name="substructTesta" time="0.001" classname="core.SubtractTest"/>
</testsuite> <!-- Surefire test -->
