-------------------------------------------------------------------------------
Test set: core.DivideTest
-------------------------------------------------------------------------------
Tests run: 4, Failures: 1, Errors: 0, Skipped: 0, Time elapsed: 1.537 s <<< FAILURE! - in core.DivideTest
devide_test_close(core.DivideTest)  Time elapsed: 0.401 s  <<< FAILURE!
java.lang.AssertionError: 

Expected: <4.0>
     but: was <6.25>
	at core.DivideTest.devide_test_close(DivideTest.java:17)

