<?xml version="1.0" encoding="UTF-8"?>
<testsuite xmlns:xsi="http://www.w3.org/2001/XMLSchema-instance" xsi:noNamespaceSchemaLocation="https://maven.apache.org/surefire/maven-surefire-plugin/xsd/surefire-test-report.xsd" name="core.MultiplyTest" time="1.649" tests="4" errors="0" skipped="0" failures="2">
  <properties>
[...]
</properties>
  <testcase name="multipluTest" classname="core.MultiplyTest" time="0.518">
    <failure message="&#10;Expected: &lt;10000.0&gt;&#10;     but: was &lt;1.0E8&gt;" type="java.lang.AssertionError"><![CDATA[java.lang.AssertionError: 

Expected: <10000.0>
     but: was <1.0E8>
	at core.MultiplyTest.multipluTest(MultiplyTest.java:21)
]]></failure>
    <system-err><![CDATA[SLF4J: Failed to load class "org.slf4j.impl.StaticLoggerBinder".
SLF4J: Defaulting to no-operation (NOP) logger implementation
SLF4J: See http://www.slf4j.org/codes.html#StaticLoggerBinder for further details.
]]></system-err>
  </testcase>
  <testcase name="multipluTestq" classname="core.MultiplyTest" time="0.007">
    <failure message="&#10;Expected: &lt;25.0&gt;&#10;     but: was &lt;125.0&gt;" type="java.lang.AssertionError"><![CDATA[java.lang.AssertionError: 

Expected: <25.0>
     but: was <125.0>
	at core.MultiplyTest.multipluTestq(MultiplyTest.java:15)
]]></failure>
  </testcase>
  <testcase name="multiplyTest" classname="core.MultiplyTest" time="0.005"/>
  <testcase name="multiplyTesta" classname="core.MultiplyTest" time="0.001"/>
</testsuite>